\BOOKMARK [1][-]{section.1}{\376\377\000I\000n\000t\000r\000o\000d\000u\000c\000c\000i\000\363\000n\000:}{}% 1
\BOOKMARK [1][-]{section.2}{\376\377\000M\000\351\000t\000o\000d\000o\000\040\000d\000e\000\040\000l\000a\000\040\000B\000i\000s\000e\000c\000c\000i\000\363\000n\000:}{}% 2
\BOOKMARK [1][-]{section.3}{\376\377\000M\000\351\000t\000o\000d\000o\000\040\000d\000e\000\040\000l\000a\000\040\000r\000e\000g\000l\000a\000\040\000f\000a\000l\000s\000a\000:}{}% 3
\BOOKMARK [1][-]{section.4}{\376\377\000M\000\351\000t\000o\000d\000o\000\040\000N\000e\000w\000t\000o\000n}{}% 4
\BOOKMARK [1][-]{section.5}{\376\377\000M\000\351\000t\000o\000d\000o\000\040\000d\000e\000\040\000l\000a\000\040\000s\000e\000c\000a\000n\000t\000e\000:\000\040}{}% 5
\BOOKMARK [1][-]{section.6}{\376\377\000M\000\351\000t\000o\000d\000o\000\040\000d\000e\000l\000\040\000p\000u\000n\000t\000o\000\040\000f\000i\000j\000o\000:\000\040}{}% 6
\BOOKMARK [1][-]{section.7}{\376\377\000E\000l\000i\000m\000i\000n\000a\000c\000i\000\363\000n\000\040\000G\000a\000u\000s\000s\000i\000a\000n\000a\000:\000\040}{}% 7
\BOOKMARK [1][-]{section.8}{\376\377\000F\000a\000c\000t\000o\000r\000i\000z\000a\000c\000i\000\363\000n\000\040\000L\000U\000:\000\040}{}% 8
\BOOKMARK [1][-]{section.9}{\376\377\000M\000E\000T\000O\000D\000O\000\040\000J\000A\000C\000O\000B\000I\000:}{}% 9
\BOOKMARK [1][-]{section.10}{\376\377\000M\000E\000T\000O\000D\000O\000\040\000G\000A\000U\000S\000S\000\040\000S\000E\000I\000D\000E\000L\000:}{}% 10
\BOOKMARK [1][-]{section.11}{\376\377\000i\000n\000t\000e\000r\000p\000o\000l\000a\000c\000i\000\363\000n\000\040\000d\000e\000\040\000L\000a\000g\000r\000a\000n\000g\000e\000:\000\040}{}% 11
\BOOKMARK [1][-]{section.12}{\376\377\000i\000n\000t\000e\000r\000p\000o\000l\000a\000c\000i\000\363\000n\000\040\000d\000e\000\040\000n\000e\000v\000i\000l\000l\000e\000:\000\040}{}% 12
\BOOKMARK [1][-]{section.13}{\376\377\000M\000e\000t\000o\000d\000o\000\040\000T\000r\000a\000p\000e\000c\000i\000o}{}% 13
\BOOKMARK [1][-]{section.14}{\376\377\000M\000e\000t\000o\000d\000o\000\040\000S\000i\000m\000p\000s\000o\000n}{}% 14
\BOOKMARK [1][-]{section.15}{\376\377\000M\000e\000t\000o\000d\000o\000\040\000S\000i\000m\000p\000s\000o\000n\000\040\0003\000/\0008}{}% 15
\BOOKMARK [1][-]{section.16}{\376\377\000M\000e\000t\000o\000d\000o\000\040\000E\000u\000l\000e\000r\000\040}{}% 16
\BOOKMARK [1][-]{section.17}{\376\377\000M\000e\000t\000o\000d\000o\000\040\000R\000u\000n\000g\000u\000e\000\040\000K\000u\000t\000t\000a\000\040\0002\000d\000o\000\040\000O\000r\000d\000e\000n}{}% 17
\BOOKMARK [1][-]{section.18}{\376\377\000M\000e\000t\000o\000d\000o\000\040\000R\000u\000n\000g\000e\000\040\000K\000u\000t\000t\000a\000\040\0003\000d\000o\000\040\000O\000r\000d\000e\000n}{}% 18
\BOOKMARK [1][-]{section.19}{\376\377\000M\000e\000t\000o\000d\000o\000\040\000R\000u\000n\000g\000e\000\040\000K\000u\000t\000t\000a\000\040\0004\000t\000o\000\040\000O\000r\000d\000e\000n}{}% 19
\BOOKMARK [1][-]{section.20}{\376\377\000C\000o\000n\000c\000l\000u\000s\000i\000o\000n\000e\000s}{}% 20
\BOOKMARK [1][-]{section.21}{\376\377\000B\000i\000b\000l\000i\000o\000g\000r\000a\000f\000\355\000a}{}% 21
